[0m[[0m[0mdebug[0m] [0m[0m> Exec(__runWatch console0, Some(e1ea4a27-dca4-456f-8c81-eed84e849ff4), Some(CommandSource(console0)))[0m
[0m[[0m[0mdebug[0m] [0m[0m> Exec(sbtStashOnFailure, None, Some(CommandSource(console0)))[0m
[0m[[0m[0mdebug[0m] [0m[0m> Exec(__preWatch console0, None, Some(CommandSource(console0)))[0m
[0m[[0m[0mdebug[0m] [0m[0m> Exec(run, None, Some(CommandSource(console0)))[0m
[0m[[0m[0mdebug[0m] [0m[0mEvaluating tasks: Compile / run[0m
[0m[[0m[0mdebug[0m] [0m[0mRunning task... Cancel: Signal, check cycles: false, forcegc: true[0m
[0m[[0m[0minfo[0m] [0m[0mcompiling 1 Scala source to /Users/taleh_gurbanzade/Documents/development/github/poker/target/scala-3.3.3/classes ...[0m
[0m[[0m[31merror[0m] [0m[0m[31m[31m-- [E050] Type Error: /Users/taleh_gurbanzade/Documents/development/github/poker/src/main/scala/main.scala:34:27 [0m[0m[0m
[0m[[0m[31merror[0m] [0m[0m[31m34 |[0m      [33mvar[0m [36muserCards[0m = List(getCard(), getCard())[0m
[0m[[0m[31merror[0m] [0m[0m[31m[31m   |[0m                           ^^^^^^^[0m[0m
[0m[[0m[31merror[0m] [0m[0m[31m   |[0m                  [33mmethod[0m [35mgetCard[0m in [33mobject[0m [35mRepl[0m does not take parameters[0m
[0m[[0m[31merror[0m] [0m[0m[31m   |[0m[0m
[0m[[0m[31merror[0m] [0m[0m[31m   |[0m longer explanation available when compiling with `-explain`[0m
[0m[[0m[31merror[0m] [0m[0m[31m[31m-- [E050] Type Error: /Users/taleh_gurbanzade/Documents/development/github/poker/src/main/scala/main.scala:34:38 [0m[0m[0m
[0m[[0m[31merror[0m] [0m[0m[31m34 |[0m      [33mvar[0m [36muserCards[0m = List(getCard(), getCard())[0m
[0m[[0m[31merror[0m] [0m[0m[31m[31m   |[0m                                      ^^^^^^^[0m[0m
[0m[[0m[31merror[0m] [0m[0m[31m   |[0m                  [33mmethod[0m [35mgetCard[0m in [33mobject[0m [35mRepl[0m does not take parameters[0m
[0m[[0m[31merror[0m] [0m[0m[31m   |[0m[0m
[0m[[0m[31merror[0m] [0m[0m[31m   |[0m longer explanation available when compiling with `-explain`[0m
[0m[[0m[31merror[0m] [0m[0m[31m[31m-- [E050] Type Error: /Users/taleh_gurbanzade/Documents/development/github/poker/src/main/scala/main.scala:40:32 [0m[0m[0m
[0m[[0m[31merror[0m] [0m[0m[31m40 |[0m      [33mval[0m [36mcommunityCards[0m = List(getCard(), getCard(), getCard())[0m
[0m[[0m[31merror[0m] [0m[0m[31m[31m   |[0m                                ^^^^^^^[0m[0m
[0m[[0m[31merror[0m] [0m[0m[31m   |[0m                  [33mmethod[0m [35mgetCard[0m in [33mobject[0m [35mRepl[0m does not take parameters[0m
[0m[[0m[31merror[0m] [0m[0m[31m   |[0m[0m
[0m[[0m[31merror[0m] [0m[0m[31m   |[0m longer explanation available when compiling with `-explain`[0m
[0m[[0m[31merror[0m] [0m[0m[31m[31m-- [E050] Type Error: /Users/taleh_gurbanzade/Documents/development/github/poker/src/main/scala/main.scala:40:43 [0m[0m[0m
[0m[[0m[31merror[0m] [0m[0m[31m40 |[0m      [33mval[0m [36mcommunityCards[0m = List(getCard(), getCard(), getCard())[0m
[0m[[0m[31merror[0m] [0m[0m[31m[31m   |[0m                                           ^^^^^^^[0m[0m
[0m[[0m[31merror[0m] [0m[0m[31m   |[0m                  [33mmethod[0m [35mgetCard[0m in [33mobject[0m [35mRepl[0m does not take parameters[0m
[0m[[0m[31merror[0m] [0m[0m[31m   |[0m[0m
[0m[[0m[31merror[0m] [0m[0m[31m   |[0m longer explanation available when compiling with `-explain`[0m
[0m[[0m[31merror[0m] [0m[0m[31m[31m-- [E050] Type Error: /Users/taleh_gurbanzade/Documents/development/github/poker/src/main/scala/main.scala:40:54 [0m[0m[0m
[0m[[0m[31merror[0m] [0m[0m[31m40 |[0m      [33mval[0m [36mcommunityCards[0m = List(getCard(), getCard(), getCard())[0m
[0m[[0m[31merror[0m] [0m[0m[31m[31m   |[0m                                                      ^^^^^^^[0m[0m
[0m[[0m[31merror[0m] [0m[0m[31m   |[0m                  [33mmethod[0m [35mgetCard[0m in [33mobject[0m [35mRepl[0m does not take parameters[0m
[0m[[0m[31merror[0m] [0m[0m[31m   |[0m[0m
[0m[[0m[31merror[0m] [0m[0m[31m   |[0m longer explanation available when compiling with `-explain`[0m
[0m[[0m[31merror[0m] [0m[0m[31m[31m-- [E050] Type Error: /Users/taleh_gurbanzade/Documents/development/github/poker/src/main/scala/main.scala:42:29 [0m[0m[0m
[0m[[0m[31merror[0m] [0m[0m[31m42 |[0m      [33mvar[0m [36mdealerCards[0m = List(getCard(), getCard())[0m
[0m[[0m[31merror[0m] [0m[0m[31m[31m   |[0m                             ^^^^^^^[0m[0m
[0m[[0m[31merror[0m] [0m[0m[31m   |[0m                  [33mmethod[0m [35mgetCard[0m in [33mobject[0m [35mRepl[0m does not take parameters[0m
[0m[[0m[31merror[0m] [0m[0m[31m   |[0m[0m
[0m[[0m[31merror[0m] [0m[0m[31m   |[0m longer explanation available when compiling with `-explain`[0m
[0m[[0m[31merror[0m] [0m[0m[31m[31m-- [E050] Type Error: /Users/taleh_gurbanzade/Documents/development/github/poker/src/main/scala/main.scala:42:40 [0m[0m[0m
[0m[[0m[31merror[0m] [0m[0m[31m42 |[0m      [33mvar[0m [36mdealerCards[0m = List(getCard(), getCard())[0m
[0m[[0m[31merror[0m] [0m[0m[31m[31m   |[0m                                        ^^^^^^^[0m[0m
[0m[[0m[31merror[0m] [0m[0m[31m   |[0m                  [33mmethod[0m [35mgetCard[0m in [33mobject[0m [35mRepl[0m does not take parameters[0m
[0m[[0m[31merror[0m] [0m[0m[31m   |[0m[0m
[0m[[0m[31merror[0m] [0m[0m[31m   |[0m longer explanation available when compiling with `-explain`[0m
[0m[[0m[31merror[0m] [0m[0m7 errors found[0m
[0m[[0m[31merror[0m] [0m[0m(Compile / [31mcompileIncremental[0m) Compilation failed[0m
[0m[[0m[31merror[0m] [0m[0mTotal time: 2 s, completed Sep 2, 2024, 2:59:39 AM[0m
[0m[[0m[0mdebug[0m] [0m[0m> Exec(resumeFromFailure, None, Some(CommandSource(console0)))[0m
[0m[[0m[0mdebug[0m] [0m[0m> Exec(sbtPopOnFailure, None, Some(CommandSource(console0)))[0m
[0m[[0m[0mdebug[0m] [0m[0m> Exec(__postWatch console0, None, Some(CommandSource(console0)))[0m
[0m[[0m[0mdebug[0m] [0m[0m> Exec(resumeFromFailure, None, None)[0m
[0m[[0m[0mdebug[0m] [0m[0m> Exec(__waitWatch console0, None, None)[0m
