[0m[[0m[0mdebug[0m] [0m[0m> Exec(~run, Some(64fd86b1-ae02-4fbe-b11d-189fba7e1707), Some(CommandSource(console0)))[0m
[0m[[0m[0mdebug[0m] [0m[0m> Exec(__runWatch console0, None, Some(CommandSource(console0)))[0m
[0m[[0m[0mdebug[0m] [0m[0m> Exec(sbtStashOnFailure, None, Some(CommandSource(console0)))[0m
[0m[[0m[0mdebug[0m] [0m[0m> Exec(__preWatch console0, None, Some(CommandSource(console0)))[0m
[0m[[0m[0mdebug[0m] [0m[0m> Exec(run, None, Some(CommandSource(console0)))[0m
[0m[[0m[0mdebug[0m] [0m[0mEvaluating tasks: Compile / run[0m
[0m[[0m[0mdebug[0m] [0m[0mRunning task... Cancel: Signal, check cycles: false, forcegc: true[0m
[0m[[0m[0minfo[0m] [0m[0mcompiling 1 Scala source to /Users/taleh_gurbanzade/Documents/development/github/poker/target/scala-3.3.3/classes ...[0m
[0m[[0m[31merror[0m] [0m[0m[31m[31m-- [E007] Type Mismatch Error: /Users/taleh_gurbanzade/Documents/development/github/poker/src/main/scala/main.scala:137:4 [0m[0m[0m
[0m[[0m[31merror[0m] [0m[0m[31m137 |[0m    [33mfor[0m (card <- cards) {[0m
[0m[[0m[31merror[0m] [0m[0m[31m[31m    |[0m    ^[0m[0m
[0m[[0m[31merror[0m] [0m[0m[31m    |[0m    Found:    Unit[0m
[0m[[0m[31merror[0m] [0m[0m[31m    |[0m    Required: String[0m
[0m[[0m[31merror[0m] [0m[0m[31m138 |[0m      cards.concat(card + [31m" "[0m)[0m
[0m[[0m[31merror[0m] [0m[0m[31m139 |[0m    }[0m
[0m[[0m[31merror[0m] [0m[0m[31m    |[0m[0m
[0m[[0m[31merror[0m] [0m[0m[31m    |[0m longer explanation available when compiling with `-explain`[0m
[0m[[0m[31merror[0m] [0m[0mone error found[0m
[0m[[0m[31merror[0m] [0m[0m(Compile / [31mcompileIncremental[0m) Compilation failed[0m
[0m[[0m[31merror[0m] [0m[0mTotal time: 8 s, completed Sep 2, 2024, 2:49:07 AM[0m
[0m[[0m[0mdebug[0m] [0m[0m> Exec(resumeFromFailure, None, Some(CommandSource(console0)))[0m
[0m[[0m[0mdebug[0m] [0m[0m> Exec(sbtPopOnFailure, None, Some(CommandSource(console0)))[0m
[0m[[0m[0mdebug[0m] [0m[0m> Exec(__postWatch console0, None, Some(CommandSource(console0)))[0m
[0m[[0m[0mdebug[0m] [0m[0m> Exec(__waitWatch console0, None, Some(CommandSource(console0)))[0m
